0 info it worked if it ends with ok
1 verbose cli [ '/nix/store/ajr6i77s89gjfjm59aazc16b5rvb39n7-nodejs-4.3.1/bin/node',
1 verbose cli   '/mnt/shared/sbin/npm',
1 verbose cli   'install',
1 verbose cli   '-g',
1 verbose cli   'nodemon' ]
2 info using npm@2.14.12
3 info using node@v4.3.1
4 verbose install initial load of /nix/store/ajr6i77s89gjfjm59aazc16b5rvb39n7-nodejs-4.3.1/lib/package.json
5 verbose readDependencies loading dependencies from /nix/store/ajr6i77s89gjfjm59aazc16b5rvb39n7-nodejs-4.3.1/lib/package.json
6 silly cache add args [ 'nodemon', null ]
7 verbose cache add spec nodemon
8 silly cache add parsed spec Result {
8 silly cache add   raw: 'nodemon',
8 silly cache add   scope: null,
8 silly cache add   name: 'nodemon',
8 silly cache add   rawSpec: '',
8 silly cache add   spec: 'latest',
8 silly cache add   type: 'tag' }
9 silly addNamed nodemon@latest
10 verbose addNamed "latest" is being treated as a dist-tag for nodemon
11 info addNameTag [ 'nodemon', 'latest' ]
12 silly mapToRegistry name nodemon
13 silly mapToRegistry using default registry
14 silly mapToRegistry registry https://registry.npmjs.org/
15 silly mapToRegistry uri https://registry.npmjs.org/nodemon
16 verbose addNameTag registry:https://registry.npmjs.org/nodemon not in flight; fetching
17 verbose request uri https://registry.npmjs.org/nodemon
18 verbose request no auth needed
19 info attempt registry request try #1 at 17:28:07
20 verbose request id 8a078067c4592280
21 http request GET https://registry.npmjs.org/nodemon
22 http 200 https://registry.npmjs.org/nodemon
23 verbose headers { date: 'Fri, 07 Dec 2018 17:28:07 GMT',
23 verbose headers   'content-type': 'application/json',
23 verbose headers   'transfer-encoding': 'chunked',
23 verbose headers   connection: 'keep-alive',
23 verbose headers   'set-cookie': [ '__cfduid=d766543bb9eb100fa914b6065cc67ac481544203687; expires=Sat, 07-Dec-19 17:28:07 GMT; path=/; domain=.registry.npmjs.org; HttpOnly' ],
23 verbose headers   'cf-cache-status': 'HIT',
23 verbose headers   'cache-control': 'max-age=300',
23 verbose headers   'cf-ray': '4858b4f91b0f45f0-TPE',
23 verbose headers   etag: 'W/"ec69ed0ca9a6e83b1bd7a815f4cb0d8f"',
23 verbose headers   'expect-ct': 'max-age=604800, report-uri="https://report-uri.cloudflare.com/cdn-cgi/beacon/expect-ct"',
23 verbose headers   'last-modified': 'Fri, 30 Nov 2018 16:36:27 GMT',
23 verbose headers   vary: 'accept-encoding, accept',
23 verbose headers   'x-amz-meta-rev': '1016-bc01bc292e3f39c90000c2f28375ecc7',
23 verbose headers   server: 'cloudflare',
23 verbose headers   'content-encoding': 'gzip' }
24 silly get cb [ 200,
24 silly get   { date: 'Fri, 07 Dec 2018 17:28:07 GMT',
24 silly get     'content-type': 'application/json',
24 silly get     'transfer-encoding': 'chunked',
24 silly get     connection: 'keep-alive',
24 silly get     'set-cookie': [ '__cfduid=d766543bb9eb100fa914b6065cc67ac481544203687; expires=Sat, 07-Dec-19 17:28:07 GMT; path=/; domain=.registry.npmjs.org; HttpOnly' ],
24 silly get     'cf-cache-status': 'HIT',
24 silly get     'cache-control': 'max-age=300',
24 silly get     'cf-ray': '4858b4f91b0f45f0-TPE',
24 silly get     etag: 'W/"ec69ed0ca9a6e83b1bd7a815f4cb0d8f"',
24 silly get     'expect-ct': 'max-age=604800, report-uri="https://report-uri.cloudflare.com/cdn-cgi/beacon/expect-ct"',
24 silly get     'last-modified': 'Fri, 30 Nov 2018 16:36:27 GMT',
24 silly get     vary: 'accept-encoding, accept',
24 silly get     'x-amz-meta-rev': '1016-bc01bc292e3f39c90000c2f28375ecc7',
24 silly get     server: 'cloudflare',
24 silly get     'content-encoding': 'gzip' } ]
25 verbose get saving nodemon to /home/ubuntu/.npm/registry.npmjs.org/nodemon/.cache.json
26 verbose makeDirectory /home/ubuntu/.npm creation not in flight; initializing
27 silly makeDirectory /home/ubuntu/.npm uid: 1000 gid: 1000
28 silly addNameTag next cb for nodemon with tag latest
29 silly addNamed nodemon@1.18.7
30 verbose addNamed "1.18.7" is a plain semver version for nodemon
31 silly mapToRegistry name nodemon
32 silly mapToRegistry using default registry
33 silly mapToRegistry registry https://registry.npmjs.org/
34 silly mapToRegistry uri https://registry.npmjs.org/nodemon
35 verbose addRemoteTarball https://registry.npmjs.org/nodemon/-/nodemon-1.18.7.tgz not in flight; adding
36 verbose addRemoteTarball [ 'https://registry.npmjs.org/nodemon/-/nodemon-1.18.7.tgz',
36 verbose addRemoteTarball   '716b66bf3e89ac4fcfb38a9e61887a03fc82efbb' ]
37 info retry fetch attempt 1 at 17:28:07
38 info attempt registry request try #1 at 17:28:07
39 http fetch GET https://registry.npmjs.org/nodemon/-/nodemon-1.18.7.tgz
40 http fetch 200 https://registry.npmjs.org/nodemon/-/nodemon-1.18.7.tgz
41 silly fetchAndShaCheck shasum 716b66bf3e89ac4fcfb38a9e61887a03fc82efbb
42 verbose addTmpTarball /tmp/npm-6162-b7cdc909/registry.npmjs.org/nodemon/-/nodemon-1.18.7.tgz not in flight; adding
43 verbose addTmpTarball already have metadata; skipping unpack for nodemon@1.18.7
44 silly cache afterAdd nodemon@1.18.7
45 verbose afterAdd /home/ubuntu/.npm/nodemon/1.18.7/package/package.json not in flight; writing
46 verbose afterAdd /home/ubuntu/.npm/nodemon/1.18.7/package/package.json written
47 silly install resolved [ { name: 'nodemon',
47 silly install resolved     homepage: 'http://nodemon.io',
47 silly install resolved     author: { name: 'Remy Sharp', url: 'http://github.com/remy' },
47 silly install resolved     bin: { nodemon: './bin/nodemon.js' },
47 silly install resolved     engines: { node: '>=4' },
47 silly install resolved     repository: { type: 'git', url: 'git+https://github.com/remy/nodemon.git' },
47 silly install resolved     description: 'Simple monitor script for use during development of a node.js app.',
47 silly install resolved     keywords:
47 silly install resolved      [ 'monitor',
47 silly install resolved        'development',
47 silly install resolved        'restart',
47 silly install resolved        'autoload',
47 silly install resolved        'reload',
47 silly install resolved        'terminal' ],
47 silly install resolved     license: 'MIT',
47 silly install resolved     main: './lib/nodemon',
47 silly install resolved     scripts:
47 silly install resolved      { commitmsg: 'commitlint -e',
47 silly install resolved        coverage: 'istanbul cover _mocha -- --timeout 30000 --ui bdd --reporter list test/**/*.test.js',
47 silly install resolved        lint: 'jscs lib/**/*.js -v',
47 silly install resolved        ':spec': 'mocha --timeout 30000 --ui bdd test/**/*.test.js',
47 silly install resolved        test: 'npm run lint && npm run spec',
47 silly install resolved        spec: 'for FILE in test/**/*.test.js; do echo $FILE; TEST=1 mocha --exit --timeout 30000 $FILE; if [ $? -ne 0 ]; then exit 1; fi; sleep 1; done',
47 silly install resolved        postspec: 'npm run clean',
47 silly install resolved        clean: 'rm -rf test/fixtures/test*.js test/fixtures/test*.md',
47 silly install resolved        web: 'node web',
47 silly install resolved        'semantic-release': 'semantic-release pre && npm publish && semantic-release post',
47 silly install resolved        prepush: 'npm run lint',
47 silly install resolved        killall: 'ps auxww | grep node | grep -v grep | awk \'{ print $2 }\' | xargs kill -9',
47 silly install resolved        postinstall: 'node bin/postinstall || exit 0' },
47 silly install resolved     devDependencies:
47 silly install resolved      { '@commitlint/cli': '^3.1.3',
47 silly install resolved        '@commitlint/config-angular': '^3.1.1',
47 silly install resolved        async: '1.4.2',
47 silly install resolved        'coffee-script': '~1.7.1',
47 silly install resolved        husky: '^0.14.3',
47 silly install resolved        istanbul: '^0.4.5',
47 silly install resolved        jscs: '^3.0.7',
47 silly install resolved        mocha: '^2.3.3',
47 silly install resolved        proxyquire: '^1.8.0',
47 silly install resolved        'semantic-release': '^8.2.0',
47 silly install resolved        should: '~4.0.0' },
47 silly install resolved     dependencies:
47 silly install resolved      { chokidar: '^2.0.4',
47 silly install resolved        debug: '^3.1.0',
47 silly install resolved        'ignore-by-default': '^1.0.1',
47 silly install resolved        minimatch: '^3.0.4',
47 silly install resolved        'pstree.remy': '^1.1.2',
47 silly install resolved        semver: '^5.5.0',
47 silly install resolved        'supports-color': '^5.2.0',
47 silly install resolved        touch: '^3.1.0',
47 silly install resolved        undefsafe: '^2.0.2',
47 silly install resolved        'update-notifier': '^2.3.0' },
47 silly install resolved     version: '1.18.7',
47 silly install resolved     gitHead: '21e052eddf144b27a7c0eb9c603236707003d75d',
47 silly install resolved     bugs: { url: 'https://github.com/remy/nodemon/issues' },
47 silly install resolved     _id: 'nodemon@1.18.7',
47 silly install resolved     _npmVersion: '5.6.0',
47 silly install resolved     _nodeVersion: '9.11.2',
47 silly install resolved     _npmUser: { name: 'remy', email: 'remy@leftlogic.com' },
47 silly install resolved     dist:
47 silly install resolved      { integrity: 'sha512-xuC1V0F5EcEyKQ1VhHYD13owznQbUw29JKvZ8bVH7TmuvVNHvvbp9pLgE4PjTMRJVe0pJ8fGRvwR2nMiosIsPQ==',
47 silly install resolved        shasum: '716b66bf3e89ac4fcfb38a9e61887a03fc82efbb',
47 silly install resolved        tarball: 'https://registry.npmjs.org/nodemon/-/nodemon-1.18.7.tgz',
47 silly install resolved        fileCount: 42,
47 silly install resolved        unpackedSize: 103005,
47 silly install resolved        'npm-signature': '-----BEGIN PGP SIGNATURE-----\r\nVersion: OpenPGP.js v3.0.4\r\nComment: https://openpgpjs.org\r\n\r\nwsFcBAEBCAAQBQJb/QUCCRA9TVsSAnZWagAAa8MP/11YVdtqK8cNggTT4Zh2\nzsXZ5j1z6jGtmH5BBfMWt4O6FkM6lt3bObPVg1SgudJklIRFOT/Gew6PO5RW\nbmc9DUDSCgD5lHECN20l9Xs7R2QBEe1hfOf2bOx7ANlJgPIQZfn37xnsRLOE\nxJO6ixdnpw91VvNyC7wq0OEixLgeVmPVA45wq2ooFdJeBKBY1cnCN2iN/BEd\nrQFzB2s1xSzKgTbKdfjlPPQ+LeIlGDxwdo7LOwB1R1rYTru57qc+/8y3W4kv\nsvtRPB+SfDaiUe3PWfVDaf+lvq6tvHrqGQ6xJaXI14oyOqNo/Z+JD9SAZ9+n\nK/Onia02vlmXr1aD7jXLoErfpAx/6gmGs/3qAyvwEL7QubSBSafi/wOW7dSW\ngSKiY9jye84W9HBNRs8paulMSoXs2K+2MFrEFvuGLUB9qPxGbBMSu8GOnetW\nXzSqmpYp3JoX9z7JzcPiCEBMl5erYbedz6T9Yqsh2NX/SH/eoO+LzMV5YNp3\nejKcG5HqoWUP3vSQxCgxUOLsi1P6J7cuckte6uQwxo/d5CxsVK9ffl4sPk9s\nah+zj632AqmJtTTWAdWA/aaa4y956/jaEDRhF+Z7dR3jUtjwdUN58AMY2PXX\no0+x7NzaCM+CLdUi2hPfA/cRlBhPAhzU2/uKCetlPAKJR3D8NGbeGjeadSuL\nIQCc\r\n=QL7F\r\n-----END PGP SIGNATURE-----\r\n' },
47 silly install resolved     maintainers: [ [Object] ],
47 silly install resolved     directories: {},
47 silly install resolved     _npmOperationalInternal:
47 silly install resolved      { host: 's3://npm-registry-packages',
47 silly install resolved        tmp: 'tmp/nodemon_1.18.7_1543308545578_0.4575876038181155' },
47 silly install resolved     _hasShrinkwrap: false,
47 silly install resolved     _shasum: '716b66bf3e89ac4fcfb38a9e61887a03fc82efbb',
47 silly install resolved     _resolved: 'https://registry.npmjs.org/nodemon/-/nodemon-1.18.7.tgz',
47 silly install resolved     _from: 'nodemon@latest' } ]
48 info install nodemon@1.18.7 into /nix/store/ajr6i77s89gjfjm59aazc16b5rvb39n7-nodejs-4.3.1/lib
49 info installOne nodemon@1.18.7
50 verbose installOne of nodemon to /nix/store/ajr6i77s89gjfjm59aazc16b5rvb39n7-nodejs-4.3.1/lib not in flight; installing
51 verbose makeDirectory /home/ubuntu/.npm/_locks creation not in flight; initializing
52 silly makeDirectory /home/ubuntu/.npm/_locks uid: 1000 gid: 1000
53 verbose lock using /home/ubuntu/.npm/_locks/nodemon-27738b6f4a25f144.lock for /nix/store/ajr6i77s89gjfjm59aazc16b5rvb39n7-nodejs-4.3.1/lib/node_modules/nodemon
54 silly install write writing nodemon 1.18.7 to /nix/store/ajr6i77s89gjfjm59aazc16b5rvb39n7-nodejs-4.3.1/lib/node_modules/nodemon
55 verbose unbuild lib/node_modules/nodemon
56 silly gentlyRm /nix/store/ajr6i77s89gjfjm59aazc16b5rvb39n7-nodejs-4.3.1/lib/node_modules/nodemon is being purged from base /nix/store/ajr6i77s89gjfjm59aazc16b5rvb39n7-nodejs-4.3.1
57 verbose gentlyRm don't care about contents; nuking /nix/store/ajr6i77s89gjfjm59aazc16b5rvb39n7-nodejs-4.3.1/lib/node_modules/nodemon
58 verbose tar unpack /home/ubuntu/.npm/nodemon/1.18.7/package.tgz
59 verbose tar unpacking to /nix/store/ajr6i77s89gjfjm59aazc16b5rvb39n7-nodejs-4.3.1/lib/node_modules/nodemon
60 silly gentlyRm /nix/store/ajr6i77s89gjfjm59aazc16b5rvb39n7-nodejs-4.3.1/lib/node_modules/nodemon is being purged
61 verbose gentlyRm don't care about contents; nuking /nix/store/ajr6i77s89gjfjm59aazc16b5rvb39n7-nodejs-4.3.1/lib/node_modules/nodemon
62 silly gunzTarPerm modes [ '755', '644' ]
63 error tar.unpack untar error /home/ubuntu/.npm/nodemon/1.18.7/package.tgz
64 verbose unlock done using /home/ubuntu/.npm/_locks/nodemon-27738b6f4a25f144.lock for /nix/store/ajr6i77s89gjfjm59aazc16b5rvb39n7-nodejs-4.3.1/lib/node_modules/nodemon
65 verbose fstream_path /nix/store/ajr6i77s89gjfjm59aazc16b5rvb39n7-nodejs-4.3.1/lib/node_modules/nodemon
66 verbose fstream_type Directory
67 verbose fstream_class DirWriter
68 verbose stack Error: EROFS: read-only file system, mkdir '/nix/store/ajr6i77s89gjfjm59aazc16b5rvb39n7-nodejs-4.3.1/lib/node_modules/nodemon'
68 verbose stack     at Error (native)
69 verbose fstream_stack /nix/store/ajr6i77s89gjfjm59aazc16b5rvb39n7-nodejs-4.3.1/lib/node_modules/npm/node_modules/fstream/lib/dir-writer.js:35:25
69 verbose fstream_stack /nix/store/ajr6i77s89gjfjm59aazc16b5rvb39n7-nodejs-4.3.1/lib/node_modules/npm/node_modules/mkdirp/index.js:47:53
69 verbose fstream_stack FSReqWrap.oncomplete (fs.js:82:15)
70 verbose cwd /home/ubuntu/workspace/v11
71 error Linux 4.9.120-c9
72 error argv "/nix/store/ajr6i77s89gjfjm59aazc16b5rvb39n7-nodejs-4.3.1/bin/node" "/mnt/shared/sbin/npm" "install" "-g" "nodemon"
73 error node v4.3.1
74 error npm  v2.14.12
75 error path /nix/store/ajr6i77s89gjfjm59aazc16b5rvb39n7-nodejs-4.3.1/lib/node_modules/nodemon
76 error code EROFS
77 error errno -30
78 error syscall mkdir
79 error rofs EROFS: read-only file system, mkdir '/nix/store/ajr6i77s89gjfjm59aazc16b5rvb39n7-nodejs-4.3.1/lib/node_modules/nodemon'
79 error rofs This is most likely not a problem with npm itself
79 error rofs and is related to the file system being read-only.
79 error rofs
79 error rofs Often virtualized file systems, or other file systems
79 error rofs that don't support symlinks, give this error.
80 verbose exit [ -30, true ]
81 verbose unbuild lib/node_modules/nodemon
82 silly gentlyRm /nix/store/ajr6i77s89gjfjm59aazc16b5rvb39n7-nodejs-4.3.1/lib/node_modules/nodemon is being purged from base /nix/store/ajr6i77s89gjfjm59aazc16b5rvb39n7-nodejs-4.3.1
83 verbose gentlyRm don't care about contents; nuking /nix/store/ajr6i77s89gjfjm59aazc16b5rvb39n7-nodejs-4.3.1/lib/node_modules/nodemon
